[15-Nov-2015 14:28:35 UTC] PHP Parse error:  syntax error, unexpected '(', expecting ',' or ';' in /home/ubuntu/workspace/services/api.php on line 8
[15-Nov-2015 14:28:43 UTC] PHP Parse error:  syntax error, unexpected '(', expecting ',' or ';' in /home/ubuntu/workspace/services/api.php on line 8
[15-Nov-2015 14:33:55 UTC] PHP Parse error:  syntax error, unexpected '(', expecting ',' or ';' in /home/ubuntu/workspace/services/api.php on line 8
[15-Nov-2015 14:33:56 UTC] PHP Parse error:  syntax error, unexpected '(', expecting ',' or ';' in /home/ubuntu/workspace/services/api.php on line 8
[15-Nov-2015 14:34:46 UTC] PHP Parse error:  syntax error, unexpected '(', expecting ',' or ';' in /home/ubuntu/workspace/services/api.php on line 8
[15-Nov-2015 14:34:47 UTC] PHP Parse error:  syntax error, unexpected '(', expecting ',' or ';' in /home/ubuntu/workspace/services/api.php on line 8
[15-Nov-2015 14:37:21 UTC] PHP Parse error:  syntax error, unexpected '(', expecting ',' or ';' in /home/ubuntu/workspace/services/api.php on line 8
[15-Nov-2015 14:37:37 UTC] PHP Parse error:  syntax error, unexpected '(', expecting ',' or ';' in /home/ubuntu/workspace/services/api.php on line 8
[15-Nov-2015 14:37:43 UTC] PHP Parse error:  syntax error, unexpected '(', expecting ',' or ';' in /home/ubuntu/workspace/services/api.php on line 8
[15-Nov-2015 14:38:45 UTC] PHP Parse error:  syntax error, unexpected '(', expecting ',' or ';' in /home/ubuntu/workspace/services/api.php on line 8
[15-Nov-2015 14:38:47 UTC] PHP Parse error:  syntax error, unexpected '(', expecting ',' or ';' in /home/ubuntu/workspace/services/api.php on line 8
[15-Nov-2015 14:38:54 UTC] PHP Parse error:  syntax error, unexpected '(', expecting ',' or ';' in /home/ubuntu/workspace/services/api.php on line 8
[15-Nov-2015 14:41:59 UTC] PHP Parse error:  syntax error, unexpected '(', expecting ',' or ';' in /home/ubuntu/workspace/services/api.php on line 8
[15-Nov-2015 14:42:29 UTC] PHP Parse error:  syntax error, unexpected '(', expecting ',' or ';' in /home/ubuntu/workspace/services/api.php on line 8
[15-Nov-2015 14:42:53 UTC] PHP Parse error:  syntax error, unexpected '(', expecting ',' or ';' in /home/ubuntu/workspace/services/api.php on line 8
[15-Nov-2015 14:45:23 UTC] PHP Parse error:  syntax error, unexpected '(', expecting ',' or ';' in /home/ubuntu/workspace/services/api.php on line 8
[15-Nov-2015 14:45:24 UTC] PHP Parse error:  syntax error, unexpected '(', expecting ',' or ';' in /home/ubuntu/workspace/services/api.php on line 8
[15-Nov-2015 14:47:22 UTC] PHP Parse error:  syntax error, unexpected '(', expecting ',' or ';' in /home/ubuntu/workspace/services/api.php on line 8
[15-Nov-2015 14:47:23 UTC] PHP Parse error:  syntax error, unexpected '(', expecting ',' or ';' in /home/ubuntu/workspace/services/api.php on line 8
[15-Nov-2015 14:47:24 UTC] PHP Parse error:  syntax error, unexpected '(', expecting ',' or ';' in /home/ubuntu/workspace/services/api.php on line 8
[15-Nov-2015 14:47:24 UTC] PHP Parse error:  syntax error, unexpected '(', expecting ',' or ';' in /home/ubuntu/workspace/services/api.php on line 8
[15-Nov-2015 14:47:24 UTC] PHP Parse error:  syntax error, unexpected '(', expecting ',' or ';' in /home/ubuntu/workspace/services/api.php on line 8
[15-Nov-2015 14:47:40 UTC] PHP Parse error:  syntax error, unexpected '(', expecting ',' or ';' in /home/ubuntu/workspace/services/api.php on line 8
[15-Nov-2015 14:47:40 UTC] PHP Parse error:  syntax error, unexpected '(', expecting ',' or ';' in /home/ubuntu/workspace/services/api.php on line 8
[15-Nov-2015 14:47:41 UTC] PHP Parse error:  syntax error, unexpected '(', expecting ',' or ';' in /home/ubuntu/workspace/services/api.php on line 8
[15-Nov-2015 14:49:15 UTC] PHP Parse error:  syntax error, unexpected '(', expecting ',' or ';' in /home/ubuntu/workspace/services/api.php on line 8
[15-Nov-2015 14:49:15 UTC] PHP Parse error:  syntax error, unexpected '(', expecting ',' or ';' in /home/ubuntu/workspace/services/api.php on line 8
[15-Nov-2015 14:49:16 UTC] PHP Parse error:  syntax error, unexpected '(', expecting ',' or ';' in /home/ubuntu/workspace/services/api.php on line 8
[15-Nov-2015 14:49:16 UTC] PHP Parse error:  syntax error, unexpected '(', expecting ',' or ';' in /home/ubuntu/workspace/services/api.php on line 8
[15-Nov-2015 14:49:29 UTC] PHP Parse error:  syntax error, unexpected '(', expecting ',' or ';' in /home/ubuntu/workspace/services/api.php on line 8
[15-Nov-2015 14:49:30 UTC] PHP Parse error:  syntax error, unexpected '(', expecting ',' or ';' in /home/ubuntu/workspace/services/api.php on line 8
[15-Nov-2015 14:50:56 UTC] PHP Warning:  mysqli::mysqli(): (HY000/1045): Access denied for user ''@'localhost' (using password: NO) in /home/ubuntu/workspace/services/api.php on line 27
[15-Nov-2015 14:50:56 UTC] PHP Stack trace:
[15-Nov-2015 14:50:56 UTC] PHP   1. {main}() /home/ubuntu/workspace/services/api.php:0
[15-Nov-2015 14:50:56 UTC] PHP   2. API->__construct() /home/ubuntu/workspace/services/api.php:155
[15-Nov-2015 14:50:56 UTC] PHP   3. API->dbConnect() /home/ubuntu/workspace/services/api.php:20
[15-Nov-2015 14:50:56 UTC] PHP   4. mysqli->mysqli() /home/ubuntu/workspace/services/api.php:27
[15-Nov-2015 14:51:57 UTC] PHP Warning:  mysqli::mysqli(): (HY000/1045): Access denied for user ''@'localhost' (using password: NO) in /home/ubuntu/workspace/services/api.php on line 27
[15-Nov-2015 14:51:57 UTC] PHP Stack trace:
[15-Nov-2015 14:51:57 UTC] PHP   1. {main}() /home/ubuntu/workspace/services/api.php:0
[15-Nov-2015 14:51:57 UTC] PHP   2. API->__construct() /home/ubuntu/workspace/services/api.php:155
[15-Nov-2015 14:51:57 UTC] PHP   3. API->dbConnect() /home/ubuntu/workspace/services/api.php:20
[15-Nov-2015 14:51:57 UTC] PHP   4. mysqli->mysqli() /home/ubuntu/workspace/services/api.php:27
[15-Nov-2015 14:51:58 UTC] PHP Warning:  mysqli::mysqli(): (HY000/1045): Access denied for user ''@'localhost' (using password: NO) in /home/ubuntu/workspace/services/api.php on line 27
[15-Nov-2015 14:51:58 UTC] PHP Stack trace:
[15-Nov-2015 14:51:58 UTC] PHP   1. {main}() /home/ubuntu/workspace/services/api.php:0
[15-Nov-2015 14:51:58 UTC] PHP   2. API->__construct() /home/ubuntu/workspace/services/api.php:155
[15-Nov-2015 14:51:58 UTC] PHP   3. API->dbConnect() /home/ubuntu/workspace/services/api.php:20
[15-Nov-2015 14:51:58 UTC] PHP   4. mysqli->mysqli() /home/ubuntu/workspace/services/api.php:27
[15-Nov-2015 14:53:31 UTC] PHP Warning:  mysqli::mysqli(): (HY000/1045): Access denied for user ''@'localhost' (using password: NO) in /home/ubuntu/workspace/services/api.php on line 27
[15-Nov-2015 14:53:31 UTC] PHP Stack trace:
[15-Nov-2015 14:53:31 UTC] PHP   1. {main}() /home/ubuntu/workspace/services/api.php:0
[15-Nov-2015 14:53:31 UTC] PHP   2. API->__construct() /home/ubuntu/workspace/services/api.php:155
[15-Nov-2015 14:53:31 UTC] PHP   3. API->dbConnect() /home/ubuntu/workspace/services/api.php:20
[15-Nov-2015 14:53:31 UTC] PHP   4. mysqli->mysqli() /home/ubuntu/workspace/services/api.php:27
[15-Nov-2015 14:53:32 UTC] PHP Warning:  mysqli::mysqli(): (HY000/1045): Access denied for user ''@'localhost' (using password: NO) in /home/ubuntu/workspace/services/api.php on line 27
[15-Nov-2015 14:53:32 UTC] PHP Stack trace:
[15-Nov-2015 14:53:32 UTC] PHP   1. {main}() /home/ubuntu/workspace/services/api.php:0
[15-Nov-2015 14:53:32 UTC] PHP   2. API->__construct() /home/ubuntu/workspace/services/api.php:155
[15-Nov-2015 14:53:32 UTC] PHP   3. API->dbConnect() /home/ubuntu/workspace/services/api.php:20
[15-Nov-2015 14:53:32 UTC] PHP   4. mysqli->mysqli() /home/ubuntu/workspace/services/api.php:27
[15-Nov-2015 14:53:33 UTC] PHP Warning:  mysqli::mysqli(): (HY000/1045): Access denied for user ''@'localhost' (using password: NO) in /home/ubuntu/workspace/services/api.php on line 27
[15-Nov-2015 14:53:33 UTC] PHP Stack trace:
[15-Nov-2015 14:53:33 UTC] PHP   1. {main}() /home/ubuntu/workspace/services/api.php:0
[15-Nov-2015 14:53:33 UTC] PHP   2. API->__construct() /home/ubuntu/workspace/services/api.php:155
[15-Nov-2015 14:53:33 UTC] PHP   3. API->dbConnect() /home/ubuntu/workspace/services/api.php:20
[15-Nov-2015 14:53:33 UTC] PHP   4. mysqli->mysqli() /home/ubuntu/workspace/services/api.php:27
[15-Nov-2015 14:53:34 UTC] PHP Warning:  mysqli::mysqli(): (HY000/1045): Access denied for user ''@'localhost' (using password: NO) in /home/ubuntu/workspace/services/api.php on line 27
[15-Nov-2015 14:53:34 UTC] PHP Stack trace:
[15-Nov-2015 14:53:34 UTC] PHP   1. {main}() /home/ubuntu/workspace/services/api.php:0
[15-Nov-2015 14:53:34 UTC] PHP   2. API->__construct() /home/ubuntu/workspace/services/api.php:155
[15-Nov-2015 14:53:34 UTC] PHP   3. API->dbConnect() /home/ubuntu/workspace/services/api.php:20
[15-Nov-2015 14:53:34 UTC] PHP   4. mysqli->mysqli() /home/ubuntu/workspace/services/api.php:27
[15-Nov-2015 14:54:04 UTC] PHP Parse error:  syntax error, unexpected '$db_server' (T_VARIABLE), expecting identifier (T_STRING) in /home/ubuntu/workspace/services/api.php on line 8
[15-Nov-2015 17:08:03 UTC] PHP Warning:  array_keys() expects parameter 1 to be array, null given in /home/ubuntu/workspace/services/api.php on line 123
[15-Nov-2015 17:08:03 UTC] PHP Stack trace:
[15-Nov-2015 17:08:03 UTC] PHP   1. {main}() /home/ubuntu/workspace/services/api.php:0
[15-Nov-2015 17:08:03 UTC] PHP   2. API->processApi() /home/ubuntu/workspace/services/api.php:170
[15-Nov-2015 17:08:03 UTC] PHP   3. API->updateEntry() /home/ubuntu/workspace/services/api.php:35
[15-Nov-2015 17:08:03 UTC] PHP   4. array_keys() /home/ubuntu/workspace/services/api.php:123
[15-Nov-2015 17:08:03 UTC] PHP Warning:  in_array() expects parameter 2 to be array, null given in /home/ubuntu/workspace/services/api.php on line 127
[15-Nov-2015 17:08:03 UTC] PHP Stack trace:
[15-Nov-2015 17:08:03 UTC] PHP   1. {main}() /home/ubuntu/workspace/services/api.php:0
[15-Nov-2015 17:08:03 UTC] PHP   2. API->processApi() /home/ubuntu/workspace/services/api.php:170
[15-Nov-2015 17:08:03 UTC] PHP   3. API->updateEntry() /home/ubuntu/workspace/services/api.php:35
[15-Nov-2015 17:08:03 UTC] PHP   4. in_array() /home/ubuntu/workspace/services/api.php:127
[15-Nov-2015 17:08:03 UTC] PHP Warning:  in_array() expects parameter 2 to be array, null given in /home/ubuntu/workspace/services/api.php on line 127
[15-Nov-2015 17:08:03 UTC] PHP Stack trace:
[15-Nov-2015 17:08:03 UTC] PHP   1. {main}() /home/ubuntu/workspace/services/api.php:0
[15-Nov-2015 17:08:03 UTC] PHP   2. API->processApi() /home/ubuntu/workspace/services/api.php:170
[15-Nov-2015 17:08:03 UTC] PHP   3. API->updateEntry() /home/ubuntu/workspace/services/api.php:35
[15-Nov-2015 17:08:03 UTC] PHP   4. in_array() /home/ubuntu/workspace/services/api.php:127
[15-Nov-2015 17:08:09 UTC] PHP Warning:  array_keys() expects parameter 1 to be array, null given in /home/ubuntu/workspace/services/api.php on line 123
[15-Nov-2015 17:08:09 UTC] PHP Stack trace:
[15-Nov-2015 17:08:09 UTC] PHP   1. {main}() /home/ubuntu/workspace/services/api.php:0
[15-Nov-2015 17:08:09 UTC] PHP   2. API->processApi() /home/ubuntu/workspace/services/api.php:170
[15-Nov-2015 17:08:09 UTC] PHP   3. API->updateEntry() /home/ubuntu/workspace/services/api.php:35
[15-Nov-2015 17:08:09 UTC] PHP   4. array_keys() /home/ubuntu/workspace/services/api.php:123
[15-Nov-2015 17:08:09 UTC] PHP Warning:  in_array() expects parameter 2 to be array, null given in /home/ubuntu/workspace/services/api.php on line 127
[15-Nov-2015 17:08:09 UTC] PHP Stack trace:
[15-Nov-2015 17:08:09 UTC] PHP   1. {main}() /home/ubuntu/workspace/services/api.php:0
[15-Nov-2015 17:08:09 UTC] PHP   2. API->processApi() /home/ubuntu/workspace/services/api.php:170
[15-Nov-2015 17:08:09 UTC] PHP   3. API->updateEntry() /home/ubuntu/workspace/services/api.php:35
[15-Nov-2015 17:08:09 UTC] PHP   4. in_array() /home/ubuntu/workspace/services/api.php:127
[15-Nov-2015 17:08:09 UTC] PHP Warning:  in_array() expects parameter 2 to be array, null given in /home/ubuntu/workspace/services/api.php on line 127
[15-Nov-2015 17:08:09 UTC] PHP Stack trace:
[15-Nov-2015 17:08:09 UTC] PHP   1. {main}() /home/ubuntu/workspace/services/api.php:0
[15-Nov-2015 17:08:09 UTC] PHP   2. API->processApi() /home/ubuntu/workspace/services/api.php:170
[15-Nov-2015 17:08:09 UTC] PHP   3. API->updateEntry() /home/ubuntu/workspace/services/api.php:35
[15-Nov-2015 17:08:09 UTC] PHP   4. in_array() /home/ubuntu/workspace/services/api.php:127
[15-Nov-2015 17:09:21 UTC] PHP Warning:  array_keys() expects parameter 1 to be array, null given in /home/ubuntu/workspace/services/api.php on line 123
[15-Nov-2015 17:09:21 UTC] PHP Stack trace:
[15-Nov-2015 17:09:21 UTC] PHP   1. {main}() /home/ubuntu/workspace/services/api.php:0
[15-Nov-2015 17:09:21 UTC] PHP   2. API->processApi() /home/ubuntu/workspace/services/api.php:170
[15-Nov-2015 17:09:21 UTC] PHP   3. API->updateEntry() /home/ubuntu/workspace/services/api.php:35
[15-Nov-2015 17:09:21 UTC] PHP   4. array_keys() /home/ubuntu/workspace/services/api.php:123
[15-Nov-2015 17:09:21 UTC] PHP Warning:  in_array() expects parameter 2 to be array, null given in /home/ubuntu/workspace/services/api.php on line 127
[15-Nov-2015 17:09:21 UTC] PHP Stack trace:
[15-Nov-2015 17:09:21 UTC] PHP   1. {main}() /home/ubuntu/workspace/services/api.php:0
[15-Nov-2015 17:09:21 UTC] PHP   2. API->processApi() /home/ubuntu/workspace/services/api.php:170
[15-Nov-2015 17:09:21 UTC] PHP   3. API->updateEntry() /home/ubuntu/workspace/services/api.php:35
[15-Nov-2015 17:09:21 UTC] PHP   4. in_array() /home/ubuntu/workspace/services/api.php:127
[15-Nov-2015 17:09:21 UTC] PHP Warning:  in_array() expects parameter 2 to be array, null given in /home/ubuntu/workspace/services/api.php on line 127
[15-Nov-2015 17:09:21 UTC] PHP Stack trace:
[15-Nov-2015 17:09:21 UTC] PHP   1. {main}() /home/ubuntu/workspace/services/api.php:0
[15-Nov-2015 17:09:21 UTC] PHP   2. API->processApi() /home/ubuntu/workspace/services/api.php:170
[15-Nov-2015 17:09:21 UTC] PHP   3. API->updateEntry() /home/ubuntu/workspace/services/api.php:35
[15-Nov-2015 17:09:21 UTC] PHP   4. in_array() /home/ubuntu/workspace/services/api.php:127
[15-Nov-2015 17:10:42 UTC] PHP Warning:  array_keys() expects parameter 1 to be array, null given in /home/ubuntu/workspace/services/api.php on line 123
[15-Nov-2015 17:10:42 UTC] PHP Stack trace:
[15-Nov-2015 17:10:42 UTC] PHP   1. {main}() /home/ubuntu/workspace/services/api.php:0
[15-Nov-2015 17:10:42 UTC] PHP   2. API->processApi() /home/ubuntu/workspace/services/api.php:170
[15-Nov-2015 17:10:42 UTC] PHP   3. API->updateEntry() /home/ubuntu/workspace/services/api.php:35
[15-Nov-2015 17:10:42 UTC] PHP   4. array_keys() /home/ubuntu/workspace/services/api.php:123
[15-Nov-2015 17:10:42 UTC] PHP Warning:  in_array() expects parameter 2 to be array, null given in /home/ubuntu/workspace/services/api.php on line 127
[15-Nov-2015 17:10:42 UTC] PHP Stack trace:
[15-Nov-2015 17:10:42 UTC] PHP   1. {main}() /home/ubuntu/workspace/services/api.php:0
[15-Nov-2015 17:10:42 UTC] PHP   2. API->processApi() /home/ubuntu/workspace/services/api.php:170
[15-Nov-2015 17:10:42 UTC] PHP   3. API->updateEntry() /home/ubuntu/workspace/services/api.php:35
[15-Nov-2015 17:10:42 UTC] PHP   4. in_array() /home/ubuntu/workspace/services/api.php:127
[15-Nov-2015 17:10:42 UTC] PHP Warning:  in_array() expects parameter 2 to be array, null given in /home/ubuntu/workspace/services/api.php on line 127
[15-Nov-2015 17:10:42 UTC] PHP Stack trace:
[15-Nov-2015 17:10:42 UTC] PHP   1. {main}() /home/ubuntu/workspace/services/api.php:0
[15-Nov-2015 17:10:42 UTC] PHP   2. API->processApi() /home/ubuntu/workspace/services/api.php:170
[15-Nov-2015 17:10:42 UTC] PHP   3. API->updateEntry() /home/ubuntu/workspace/services/api.php:35
[15-Nov-2015 17:10:42 UTC] PHP   4. in_array() /home/ubuntu/workspace/services/api.php:127
[15-Nov-2015 17:12:17 UTC] PHP Warning:  array_keys() expects parameter 1 to be array, null given in /home/ubuntu/workspace/services/api.php on line 123
[15-Nov-2015 17:12:17 UTC] PHP Stack trace:
[15-Nov-2015 17:12:17 UTC] PHP   1. {main}() /home/ubuntu/workspace/services/api.php:0
[15-Nov-2015 17:12:17 UTC] PHP   2. API->processApi() /home/ubuntu/workspace/services/api.php:170
[15-Nov-2015 17:12:17 UTC] PHP   3. API->updateEntry() /home/ubuntu/workspace/services/api.php:35
[15-Nov-2015 17:12:17 UTC] PHP   4. array_keys() /home/ubuntu/workspace/services/api.php:123
[15-Nov-2015 17:12:17 UTC] PHP Warning:  in_array() expects parameter 2 to be array, null given in /home/ubuntu/workspace/services/api.php on line 127
[15-Nov-2015 17:12:17 UTC] PHP Stack trace:
[15-Nov-2015 17:12:17 UTC] PHP   1. {main}() /home/ubuntu/workspace/services/api.php:0
[15-Nov-2015 17:12:17 UTC] PHP   2. API->processApi() /home/ubuntu/workspace/services/api.php:170
[15-Nov-2015 17:12:17 UTC] PHP   3. API->updateEntry() /home/ubuntu/workspace/services/api.php:35
[15-Nov-2015 17:12:17 UTC] PHP   4. in_array() /home/ubuntu/workspace/services/api.php:127
[15-Nov-2015 17:12:17 UTC] PHP Warning:  in_array() expects parameter 2 to be array, null given in /home/ubuntu/workspace/services/api.php on line 127
[15-Nov-2015 17:12:17 UTC] PHP Stack trace:
[15-Nov-2015 17:12:17 UTC] PHP   1. {main}() /home/ubuntu/workspace/services/api.php:0
[15-Nov-2015 17:12:17 UTC] PHP   2. API->processApi() /home/ubuntu/workspace/services/api.php:170
[15-Nov-2015 17:12:17 UTC] PHP   3. API->updateEntry() /home/ubuntu/workspace/services/api.php:35
[15-Nov-2015 17:12:17 UTC] PHP   4. in_array() /home/ubuntu/workspace/services/api.php:127
[15-Nov-2015 17:12:33 UTC] PHP Warning:  array_keys() expects parameter 1 to be array, null given in /home/ubuntu/workspace/services/api.php on line 123
[15-Nov-2015 17:12:33 UTC] PHP Stack trace:
[15-Nov-2015 17:12:33 UTC] PHP   1. {main}() /home/ubuntu/workspace/services/api.php:0
[15-Nov-2015 17:12:33 UTC] PHP   2. API->processApi() /home/ubuntu/workspace/services/api.php:170
[15-Nov-2015 17:12:33 UTC] PHP   3. API->updateEntry() /home/ubuntu/workspace/services/api.php:35
[15-Nov-2015 17:12:33 UTC] PHP   4. array_keys() /home/ubuntu/workspace/services/api.php:123
[15-Nov-2015 17:12:33 UTC] PHP Warning:  in_array() expects parameter 2 to be array, null given in /home/ubuntu/workspace/services/api.php on line 127
[15-Nov-2015 17:12:33 UTC] PHP Stack trace:
[15-Nov-2015 17:12:33 UTC] PHP   1. {main}() /home/ubuntu/workspace/services/api.php:0
[15-Nov-2015 17:12:33 UTC] PHP   2. API->processApi() /home/ubuntu/workspace/services/api.php:170
[15-Nov-2015 17:12:33 UTC] PHP   3. API->updateEntry() /home/ubuntu/workspace/services/api.php:35
[15-Nov-2015 17:12:33 UTC] PHP   4. in_array() /home/ubuntu/workspace/services/api.php:127
[15-Nov-2015 17:12:33 UTC] PHP Warning:  in_array() expects parameter 2 to be array, null given in /home/ubuntu/workspace/services/api.php on line 127
[15-Nov-2015 17:12:33 UTC] PHP Stack trace:
[15-Nov-2015 17:12:33 UTC] PHP   1. {main}() /home/ubuntu/workspace/services/api.php:0
[15-Nov-2015 17:12:33 UTC] PHP   2. API->processApi() /home/ubuntu/workspace/services/api.php:170
[15-Nov-2015 17:12:33 UTC] PHP   3. API->updateEntry() /home/ubuntu/workspace/services/api.php:35
[15-Nov-2015 17:12:33 UTC] PHP   4. in_array() /home/ubuntu/workspace/services/api.php:127
[15-Nov-2015 17:13:40 UTC] PHP Warning:  array_keys() expects parameter 1 to be array, null given in /home/ubuntu/workspace/services/api.php on line 123
[15-Nov-2015 17:13:40 UTC] PHP Stack trace:
[15-Nov-2015 17:13:40 UTC] PHP   1. {main}() /home/ubuntu/workspace/services/api.php:0
[15-Nov-2015 17:13:40 UTC] PHP   2. API->processApi() /home/ubuntu/workspace/services/api.php:170
[15-Nov-2015 17:13:40 UTC] PHP   3. API->updateEntry() /home/ubuntu/workspace/services/api.php:35
[15-Nov-2015 17:13:40 UTC] PHP   4. array_keys() /home/ubuntu/workspace/services/api.php:123
[15-Nov-2015 17:13:40 UTC] PHP Warning:  in_array() expects parameter 2 to be array, null given in /home/ubuntu/workspace/services/api.php on line 127
[15-Nov-2015 17:13:40 UTC] PHP Stack trace:
[15-Nov-2015 17:13:40 UTC] PHP   1. {main}() /home/ubuntu/workspace/services/api.php:0
[15-Nov-2015 17:13:40 UTC] PHP   2. API->processApi() /home/ubuntu/workspace/services/api.php:170
[15-Nov-2015 17:13:40 UTC] PHP   3. API->updateEntry() /home/ubuntu/workspace/services/api.php:35
[15-Nov-2015 17:13:40 UTC] PHP   4. in_array() /home/ubuntu/workspace/services/api.php:127
[15-Nov-2015 17:13:40 UTC] PHP Warning:  in_array() expects parameter 2 to be array, null given in /home/ubuntu/workspace/services/api.php on line 127
[15-Nov-2015 17:13:40 UTC] PHP Stack trace:
[15-Nov-2015 17:13:40 UTC] PHP   1. {main}() /home/ubuntu/workspace/services/api.php:0
[15-Nov-2015 17:13:40 UTC] PHP   2. API->processApi() /home/ubuntu/workspace/services/api.php:170
[15-Nov-2015 17:13:40 UTC] PHP   3. API->updateEntry() /home/ubuntu/workspace/services/api.php:35
[15-Nov-2015 17:13:40 UTC] PHP   4. in_array() /home/ubuntu/workspace/services/api.php:127
[15-Nov-2015 17:14:42 UTC] PHP Warning:  array_keys() expects parameter 1 to be array, null given in /home/ubuntu/workspace/services/api.php on line 96
[15-Nov-2015 17:14:42 UTC] PHP Stack trace:
[15-Nov-2015 17:14:42 UTC] PHP   1. {main}() /home/ubuntu/workspace/services/api.php:0
[15-Nov-2015 17:14:42 UTC] PHP   2. API->processApi() /home/ubuntu/workspace/services/api.php:170
[15-Nov-2015 17:14:42 UTC] PHP   3. API->insertEntry() /home/ubuntu/workspace/services/api.php:35
[15-Nov-2015 17:14:42 UTC] PHP   4. array_keys() /home/ubuntu/workspace/services/api.php:96
[15-Nov-2015 17:14:42 UTC] PHP Warning:  in_array() expects parameter 2 to be array, null given in /home/ubuntu/workspace/services/api.php on line 100
[15-Nov-2015 17:14:42 UTC] PHP Stack trace:
[15-Nov-2015 17:14:42 UTC] PHP   1. {main}() /home/ubuntu/workspace/services/api.php:0
[15-Nov-2015 17:14:42 UTC] PHP   2. API->processApi() /home/ubuntu/workspace/services/api.php:170
[15-Nov-2015 17:14:42 UTC] PHP   3. API->insertEntry() /home/ubuntu/workspace/services/api.php:35
[15-Nov-2015 17:14:42 UTC] PHP   4. in_array() /home/ubuntu/workspace/services/api.php:100
[15-Nov-2015 17:14:42 UTC] PHP Warning:  in_array() expects parameter 2 to be array, null given in /home/ubuntu/workspace/services/api.php on line 100
[15-Nov-2015 17:14:42 UTC] PHP Stack trace:
[15-Nov-2015 17:14:42 UTC] PHP   1. {main}() /home/ubuntu/workspace/services/api.php:0
[15-Nov-2015 17:14:42 UTC] PHP   2. API->processApi() /home/ubuntu/workspace/services/api.php:170
[15-Nov-2015 17:14:42 UTC] PHP   3. API->insertEntry() /home/ubuntu/workspace/services/api.php:35
[15-Nov-2015 17:14:42 UTC] PHP   4. in_array() /home/ubuntu/workspace/services/api.php:100
[15-Nov-2015 17:14:49 UTC] PHP Warning:  array_keys() expects parameter 1 to be array, null given in /home/ubuntu/workspace/services/api.php on line 96
[15-Nov-2015 17:14:49 UTC] PHP Stack trace:
[15-Nov-2015 17:14:49 UTC] PHP   1. {main}() /home/ubuntu/workspace/services/api.php:0
[15-Nov-2015 17:14:49 UTC] PHP   2. API->processApi() /home/ubuntu/workspace/services/api.php:170
[15-Nov-2015 17:14:49 UTC] PHP   3. API->insertEntry() /home/ubuntu/workspace/services/api.php:35
[15-Nov-2015 17:14:49 UTC] PHP   4. array_keys() /home/ubuntu/workspace/services/api.php:96
[15-Nov-2015 17:14:49 UTC] PHP Warning:  in_array() expects parameter 2 to be array, null given in /home/ubuntu/workspace/services/api.php on line 100
[15-Nov-2015 17:14:49 UTC] PHP Stack trace:
[15-Nov-2015 17:14:49 UTC] PHP   1. {main}() /home/ubuntu/workspace/services/api.php:0
[15-Nov-2015 17:14:49 UTC] PHP   2. API->processApi() /home/ubuntu/workspace/services/api.php:170
[15-Nov-2015 17:14:49 UTC] PHP   3. API->insertEntry() /home/ubuntu/workspace/services/api.php:35
[15-Nov-2015 17:14:49 UTC] PHP   4. in_array() /home/ubuntu/workspace/services/api.php:100
[15-Nov-2015 17:14:49 UTC] PHP Warning:  in_array() expects parameter 2 to be array, null given in /home/ubuntu/workspace/services/api.php on line 100
[15-Nov-2015 17:14:49 UTC] PHP Stack trace:
[15-Nov-2015 17:14:49 UTC] PHP   1. {main}() /home/ubuntu/workspace/services/api.php:0
[15-Nov-2015 17:14:49 UTC] PHP   2. API->processApi() /home/ubuntu/workspace/services/api.php:170
[15-Nov-2015 17:14:49 UTC] PHP   3. API->insertEntry() /home/ubuntu/workspace/services/api.php:35
[15-Nov-2015 17:14:49 UTC] PHP   4. in_array() /home/ubuntu/workspace/services/api.php:100
[15-Nov-2015 17:15:02 UTC] PHP Warning:  array_keys() expects parameter 1 to be array, null given in /home/ubuntu/workspace/services/api.php on line 96
[15-Nov-2015 17:15:02 UTC] PHP Stack trace:
[15-Nov-2015 17:15:02 UTC] PHP   1. {main}() /home/ubuntu/workspace/services/api.php:0
[15-Nov-2015 17:15:02 UTC] PHP   2. API->processApi() /home/ubuntu/workspace/services/api.php:170
[15-Nov-2015 17:15:02 UTC] PHP   3. API->insertEntry() /home/ubuntu/workspace/services/api.php:35
[15-Nov-2015 17:15:02 UTC] PHP   4. array_keys() /home/ubuntu/workspace/services/api.php:96
[15-Nov-2015 17:15:02 UTC] PHP Warning:  in_array() expects parameter 2 to be array, null given in /home/ubuntu/workspace/services/api.php on line 100
[15-Nov-2015 17:15:02 UTC] PHP Stack trace:
[15-Nov-2015 17:15:02 UTC] PHP   1. {main}() /home/ubuntu/workspace/services/api.php:0
[15-Nov-2015 17:15:02 UTC] PHP   2. API->processApi() /home/ubuntu/workspace/services/api.php:170
[15-Nov-2015 17:15:02 UTC] PHP   3. API->insertEntry() /home/ubuntu/workspace/services/api.php:35
[15-Nov-2015 17:15:02 UTC] PHP   4. in_array() /home/ubuntu/workspace/services/api.php:100
[15-Nov-2015 17:15:02 UTC] PHP Warning:  in_array() expects parameter 2 to be array, null given in /home/ubuntu/workspace/services/api.php on line 100
[15-Nov-2015 17:15:02 UTC] PHP Stack trace:
[15-Nov-2015 17:15:02 UTC] PHP   1. {main}() /home/ubuntu/workspace/services/api.php:0
[15-Nov-2015 17:15:02 UTC] PHP   2. API->processApi() /home/ubuntu/workspace/services/api.php:170
[15-Nov-2015 17:15:02 UTC] PHP   3. API->insertEntry() /home/ubuntu/workspace/services/api.php:35
[15-Nov-2015 17:15:02 UTC] PHP   4. in_array() /home/ubuntu/workspace/services/api.php:100
